<?xml version="1.0" encoding="UTF-8"?>
<!-- Generated by org.testng.reporters.JUnitReportReporter -->
<testsuite hostname="DESKTOP-M0LQVP0" failures="0" tests="9" name="com.saucedemo.testcases.TestLoginPage" time="3.898" errors="0" timestamp="2024-06-16T13:55:35 IST" skipped="0">
  <testcase classname="com.saucedemo.testcases.TestLoginPage" name="TestClickCartButton" time="0.203"/>
  <testcase classname="com.saucedemo.testcases.TestLoginPage" name="GenerateRandomUser" time="1.290"/>
  <testcase classname="com.saucedemo.testcases.TestLoginPage" name="HompPage" time="0.048"/>
  <testcase classname="com.saucedemo.testcases.TestLoginPage" name="ClickOnFinishButton" time="1.509"/>
  <testcase classname="com.saucedemo.testcases.TestLoginPage" name="TestClickCheckOutButton" time="0.085"/>
  <testcase classname="com.saucedemo.testcases.TestLoginPage" name="TestVerifyLogin" time="0.406"/>
  <testcase classname="com.saucedemo.testcases.TestLoginPage" name="TestClickProducts" time="0.121"/>
  <testcase classname="com.saucedemo.testcases.TestLoginPage" name="TestClickProducts" time="0.131"/>
  <testcase classname="com.saucedemo.testcases.TestLoginPage" name="TestClickProducts" time="0.105"/>
</testsuite> <!-- com.saucedemo.testcases.TestLoginPage -->
